-------------------------------------------------------------------------------
Test set: STAGE.stage.services.EtudiantServiceTest
-------------------------------------------------------------------------------
Tests run: 4, Failures: 0, Errors: 1, Skipped: 0, Time elapsed: 1.031 s <<< FAILURE! -- in STAGE.stage.services.EtudiantServiceTest
STAGE.stage.services.EtudiantServiceTest.testCreateEtudiant_Success -- Time elapsed: 0.081 s <<< ERROR!
java.lang.NullPointerException: Cannot invoke "org.springframework.security.crypto.password.PasswordEncoder.encode(java.lang.CharSequence)" because "this.passwordEncoder" is null
	at STAGE.stage.services.implementation.EtudiantServiceImpl.createEtudiant(EtudiantServiceImpl.java:50)
	at STAGE.stage.services.EtudiantServiceTest.testCreateEtudiant_Success(EtudiantServiceTest.java:97)
	at java.base/java.lang.reflect.Method.invoke(Method.java:568)
	at java.base/java.util.ArrayList.forEach(ArrayList.java:1511)
	at java.base/java.util.ArrayList.forEach(ArrayList.java:1511)

